<?xml version="1.0" encoding="UTF-8"?>
<!-- Generated by org.testng.reporters.JUnitReportReporter -->
<testsuite skipped="0" hostname="avasylenko-w10" name="TestClass" tests="1" failures="0" timestamp="22 Jan 2019 14:25:35 GMT" time="5.613" errors="0">
  <testcase name="firsttest" time="5.613" classname="TestClass"/>
</testsuite> <!-- TestClass -->
