<?xml version="1.0" encoding="UTF-8"?>
<!-- Generated by org.testng.reporters.JUnitReportReporter -->
<testsuite skipped="0" hostname="avasylenko-w10" name="TestClass" tests="1" failures="0" timestamp="21 Jan 2019 18:45:35 GMT" time="6.258" errors="0">
  <testcase name="firsttest" time="6.258" classname="TestClass"/>
</testsuite> <!-- TestClass -->
